<?xml version="1.0" encoding="utf-8"?><testsuite errors="0" failures="0" name="pytest" skipped="0" tests="20" time="779.093"><testcase classname="test_scale" file="test_scale.py" line="91" name="test_createmulti_offloads[0]" time="36.274"></testcase><testcase classname="test_scale" file="test_scale.py" line="91" name="test_createmulti_offloads[1]" time="40.448"></testcase><testcase classname="test_scale" file="test_scale.py" line="91" name="test_createmulti_offloads[2]" time="92.675"></testcase><testcase classname="test_scale" file="test_scale.py" line="91" name="test_createmulti_offloads[3]" time="35.839"></testcase><testcase classname="test_scale" file="test_scale.py" line="91" name="test_createmulti_offloads[4]" time="77.279"></testcase><testcase classname="test_scale" file="test_scale.py" line="91" name="test_createmulti_offloads[5]" time="38.938"></testcase><testcase classname="test_scale" file="test_scale.py" line="91" name="test_createmulti_offloads[6]" time="104.590"></testcase><testcase classname="test_scale" file="test_scale.py" line="91" name="test_createmulti_offloads[7]" time="33.639"></testcase><testcase classname="test_scale" file="test_scale.py" line="91" name="test_createmulti_offloads[8]" time="69.738"></testcase><testcase classname="test_scale" file="test_scale.py" line="91" name="test_createmulti_offloads[9]" time="76.674"></testcase><testcase classname="test_scale" file="test_scale.py" line="168" name="test_multioffload_status[0]" time="10.383"></testcase><testcase classname="test_scale" file="test_scale.py" line="168" name="test_multioffload_status[1]" time="10.422"></testcase><testcase classname="test_scale" file="test_scale.py" line="168" name="test_multioffload_status[2]" time="10.439"></testcase><testcase classname="test_scale" file="test_scale.py" line="168" name="test_multioffload_status[3]" time="10.423"></testcase><testcase classname="test_scale" file="test_scale.py" line="168" name="test_multioffload_status[4]" time="10.407"></testcase><testcase classname="test_scale" file="test_scale.py" line="168" name="test_multioffload_status[5]" time="10.417"></testcase><testcase classname="test_scale" file="test_scale.py" line="168" name="test_multioffload_status[6]" time="10.420"></testcase><testcase classname="test_scale" file="test_scale.py" line="168" name="test_multioffload_status[7]" time="10.428"></testcase><testcase classname="test_scale" file="test_scale.py" line="168" name="test_multioffload_status[8]" time="10.442"></testcase><testcase classname="test_scale" file="test_scale.py" line="168" name="test_multioffload_status[9]" time="78.801"></testcase></testsuite>