<?xml version="1.0" encoding="utf-8"?><testsuite errors="0" failures="0" name="pytest" skipped="0" tests="1" time="224.527"><testcase classname="test_performance" file="test_performance.py" line="239" name="test_base_offload" time="224.041"></testcase></testsuite>